INFO: Accepting connections at http://localhost:8080

INFO: Gracefully shutting down. Please wait...
INFO: Accepting connections at http://localhost:36287

INFO: Gracefully shutting down. Please wait...
INFO: Accepting connections at http://localhost:8080
[Error: ENAMETOOLONG: name too long, lstat '/root/medical/node/medical/service/3000D00E0000FFFF3F0031313744373731343634304537353046007A7A7A7A7A7A7A7A7A7A7A7A7A7A7A0000000000000000000000000000000000000000000000000000000000000000000000000000000000000000000001000008047A7A7A7A7A7A7A7A7A0000000000000000000000000000000000000000000000000000000000000000/index.html'] {
  errno: -36,
  code: 'ENAMETOOLONG',
  syscall: 'lstat',
  path: '/root/medical/node/medical/service/3000D00E0000FFFF3F0031313744373731343634304537353046007A7A7A7A7A7A7A7A7A7A7A7A7A7A7A0000000000000000000000000000000000000000000000000000000000000000000000000000000000000000000001000008047A7A7A7A7A7A7A7A7A0000000000000000000000000000000000000000000000000000000000000000/index.html'
}
[Error: ENAMETOOLONG: name too long, lstat '/root/medical/node/medical/service/3000D00E0000FFFF3F0031313744373731343634304537353046007A7A7A7A7A7A7A7A7A7A7A7A7A7A7A0000000000000000000000000000000000000000000000000000000000000000000000000000000000000000000001000008047A7A7A7A7A7A7A7A7A0000000000000000000000000000000000000000000000000000000000000000/index.html'] {
  errno: -36,
  code: 'ENAMETOOLONG',
  syscall: 'lstat',
  path: '/root/medical/node/medical/service/3000D00E0000FFFF3F0031313744373731343634304537353046007A7A7A7A7A7A7A7A7A7A7A7A7A7A7A0000000000000000000000000000000000000000000000000000000000000000000000000000000000000000000001000008047A7A7A7A7A7A7A7A7A0000000000000000000000000000000000000000000000000000000000000000/index.html'
}
[Error: ENAMETOOLONG: name too long, lstat '/root/medical/node/medical/service/3000D00E0000FFFF3F0031313744373731343634304537353046007A7A7A7A7A7A7A7A7A7A7A7A7A7A7A0000000000000000000000000000000000000000000000000000000000000000000000000000000000000000000001000008047A7A7A7A7A7A7A7A7A0000000000000000000000000000000000000000000000000000000000000000/index.html'] {
  errno: -36,
  code: 'ENAMETOOLONG',
  syscall: 'lstat',
  path: '/root/medical/node/medical/service/3000D00E0000FFFF3F0031313744373731343634304537353046007A7A7A7A7A7A7A7A7A7A7A7A7A7A7A0000000000000000000000000000000000000000000000000000000000000000000000000000000000000000000001000008047A7A7A7A7A7A7A7A7A0000000000000000000000000000000000000000000000000000000000000000/index.html'
}
[Error: ENAMETOOLONG: name too long, lstat '/root/medical/node/medical/service/3000D00E0000FFFF3F0031313744373731343634304537353046007A7A7A7A7A7A7A7A7A7A7A7A7A7A7A0000000000000000000000000000000000000000000000000000000000000000000000000000000000000000000001000008047A7A7A7A7A7A7A7A7A0000000000000000000000000000000000000000000000000000000000000000/index.html'] {
  errno: -36,
  code: 'ENAMETOOLONG',
  syscall: 'lstat',
  path: '/root/medical/node/medical/service/3000D00E0000FFFF3F0031313744373731343634304537353046007A7A7A7A7A7A7A7A7A7A7A7A7A7A7A0000000000000000000000000000000000000000000000000000000000000000000000000000000000000000000001000008047A7A7A7A7A7A7A7A7A0000000000000000000000000000000000000000000000000000000000000000/index.html'
}
[Error: ENAMETOOLONG: name too long, lstat '/root/medical/node/medical/service/3000D00E0000FFFF3F0031313744373731343634304537353046007A7A7A7A7A7A7A7A7A7A7A7A7A7A7A0000000000000000000000000000000000000000000000000000000000000000000000000000000000000000000001000008047A7A7A7A7A7A7A7A7A0000000000000000000000000000000000000000000000000000000000000000/index.html'] {
  errno: -36,
  code: 'ENAMETOOLONG',
  syscall: 'lstat',
  path: '/root/medical/node/medical/service/3000D00E0000FFFF3F0031313744373731343634304537353046007A7A7A7A7A7A7A7A7A7A7A7A7A7A7A0000000000000000000000000000000000000000000000000000000000000000000000000000000000000000000001000008047A7A7A7A7A7A7A7A7A0000000000000000000000000000000000000000000000000000000000000000/index.html'
}
[Error: ENAMETOOLONG: name too long, lstat '/root/medical/node/medical/service/3000D00E0000FFFF3F0031313744373731343634304537353046007A7A7A7A7A7A7A7A7A7A7A7A7A7A7A0000000000000000000000000000000000000000000000000000000000000000000000000000000000000000000001000008047A7A7A7A7A7A7A7A7A0000000000000000000000000000000000000000000000000000000000000000/index.html'] {
  errno: -36,
  code: 'ENAMETOOLONG',
  syscall: 'lstat',
  path: '/root/medical/node/medical/service/3000D00E0000FFFF3F0031313744373731343634304537353046007A7A7A7A7A7A7A7A7A7A7A7A7A7A7A0000000000000000000000000000000000000000000000000000000000000000000000000000000000000000000001000008047A7A7A7A7A7A7A7A7A0000000000000000000000000000000000000000000000000000000000000000/index.html'
}
