0 info it worked if it ends with ok
1 verbose cli [
1 verbose cli   'E:\\node\\node.exe',
1 verbose cli   'E:\\node\\node_modules\\npm\\bin\\npm-cli.js',
1 verbose cli   'run',
1 verbose cli   'serve'
1 verbose cli ]
2 info using npm@6.14.8
3 info using node@v14.15.1
4 verbose run-script [ 'preserve', 'serve', 'postserve' ]
5 info lifecycle vue_dome@0.1.0~preserve: vue_dome@0.1.0
6 info lifecycle vue_dome@0.1.0~serve: vue_dome@0.1.0
7 verbose lifecycle vue_dome@0.1.0~serve: unsafe-perm in lifecycle true
8 verbose lifecycle vue_dome@0.1.0~serve: PATH: E:\node\node_modules\npm\node_modules\npm-lifecycle\node-gyp-bin;E:\MAP\node_modules\.bin;C:\Program Files\Python37\Scripts\;C:\Program Files\Python37\;C:\windows\system32;C:\windows;C:\windows\System32\Wbem;C:\windows\System32\WindowsPowerShell\v1.0\;C:\windows\System32\OpenSSH\;C:\Program Files (x86)\NVIDIA Corporation\PhysX\Common;C:\Program Files\NVIDIA Corporation\NVIDIA NvDLISR;E:\MySQL\mysql-8.0.22-winx64\bin;E:\node\;E:\opencv\opencv\build\x64\vc15\bin;D:\java\jdk\bin;E:\Maven\apache-maven-3.5.4\bin;D:\anaconda\anaconda;D:\anaconda\anaconda\Scripts;D:\anaconda\anaconda\Library\bin;C:\Users\Lenovo\AppData\Local\Microsoft\WindowsApps;D:\Bandizip\;C:\Users\Lenovo\AppData\Local\Programs\Microsoft VS Code\bin;C:\Users\Lenovo\AppData\Roaming\npm;E:\node\node_global;
9 verbose lifecycle vue_dome@0.1.0~serve: CWD: E:\MAP
10 silly lifecycle vue_dome@0.1.0~serve: Args: [ '/d /s /c', 'vue-cli-service serve' ]
11 silly lifecycle vue_dome@0.1.0~serve: Returned: code: 1  signal: null
12 info lifecycle vue_dome@0.1.0~serve: Failed to exec serve script
13 verbose stack Error: vue_dome@0.1.0 serve: `vue-cli-service serve`
13 verbose stack Exit status 1
13 verbose stack     at EventEmitter.<anonymous> (E:\node\node_modules\npm\node_modules\npm-lifecycle\index.js:332:16)
13 verbose stack     at EventEmitter.emit (events.js:315:20)
13 verbose stack     at ChildProcess.<anonymous> (E:\node\node_modules\npm\node_modules\npm-lifecycle\lib\spawn.js:55:14)
13 verbose stack     at ChildProcess.emit (events.js:315:20)
13 verbose stack     at maybeClose (internal/child_process.js:1048:16)
13 verbose stack     at Process.ChildProcess._handle.onexit (internal/child_process.js:288:5)
14 verbose pkgid vue_dome@0.1.0
15 verbose cwd E:\MAP
16 verbose Windows_NT 10.0.18363
17 verbose argv "E:\\node\\node.exe" "E:\\node\\node_modules\\npm\\bin\\npm-cli.js" "run" "serve"
18 verbose node v14.15.1
19 verbose npm  v6.14.8
20 error code ELIFECYCLE
21 error errno 1
22 error vue_dome@0.1.0 serve: `vue-cli-service serve`
22 error Exit status 1
23 error Failed at the vue_dome@0.1.0 serve script.
23 error This is probably not a problem with npm. There is likely additional logging output above.
24 verbose exit [ 1, true ]
